{
  "RSpec": {
    "coverage": {
      "/home/ilnar/ruby_project/test_flatstack/spec/controllers/users_controller_spec.rb": [
        1,
        null,
        1,
        null,
        1,
        1,
        1,
        1,
        1,
        null,
        null,
        null,
        null
      ],
      "/home/ilnar/ruby_project/test_flatstack/spec/rails_helper.rb": [
        1,
        1,
        1,
        1,
        1,
        1,
        null,
        1,
        1,
        1,
        1,
        null,
        null,
        null,
        1,
        null,
        1,
        1,
        1,
        1,
        null,
        1,
        null
      ],
      "/home/ilnar/ruby_project/test_flatstack/config/environment.rb": [
        null,
        1,
        null,
        null,
        1
      ],
      "/home/ilnar/ruby_project/test_flatstack/config/application.rb": [
        1,
        null,
        1,
        null,
        null,
        null,
        1,
        null,
        1,
        1,
        null,
        null,
        null,
        null,
        null,
        null,
        null,
        null,
        null,
        null,
        null,
        null,
        null,
        1,
        null,
        null
      ],
      "/home/ilnar/ruby_project/test_flatstack/config/boot.rb": [
        1,
        null,
        1
      ],
      "/home/ilnar/ruby_project/test_flatstack/config/environments/test.rb": [
        1,
        null,
        null,
        null,
        null,
        null,
        null,
        1,
        null,
        null,
        null,
        null,
        1,
        null,
        null,
        1,
        1,
        null,
        null,
        1,
        1,
        null,
        null,
        1,
        null,
        null,
        1,
        null,
        null,
        null,
        null,
        1,
        null,
        null,
        1,
        null,
        null,
        1,
        null,
        null,
        null,
        null
      ],
      "/home/ilnar/ruby_project/test_flatstack/config/initializers/assets.rb": [
        null,
        null,
        null,
        1,
        null,
        null,
        null,
        null,
        null,
        null,
        null
      ],
      "/home/ilnar/ruby_project/test_flatstack/config/initializers/backtrace_silencers.rb": [
        null,
        null,
        null,
        null,
        null,
        null,
        null
      ],
      "/home/ilnar/ruby_project/test_flatstack/config/initializers/cookies_serializer.rb": [
        null,
        null,
        1
      ],
      "/home/ilnar/ruby_project/test_flatstack/config/initializers/filter_parameter_logging.rb": [
        null,
        null,
        null,
        1
      ],
      "/home/ilnar/ruby_project/test_flatstack/config/initializers/inflections.rb": [
        null,
        null,
        null,
        null,
        null,
        null,
        null,
        null,
        null,
        null,
        null,
        null,
        null,
        null,
        null,
        null
      ],
      "/home/ilnar/ruby_project/test_flatstack/config/initializers/mime_types.rb": [
        null,
        null,
        null,
        null
      ],
      "/home/ilnar/ruby_project/test_flatstack/config/initializers/session_store.rb": [
        null,
        null,
        1
      ],
      "/home/ilnar/ruby_project/test_flatstack/config/initializers/simple_form.rb": [
        null,
        1,
        null,
        null,
        null,
        null,
        null,
        1,
        null,
        null,
        null,
        null,
        null,
        null,
        null,
        null,
        null,
        1,
        null,
        null,
        null,
        1,
        null,
        null,
        null,
        null,
        null,
        null,
        null,
        null,
        1,
        null,
        null,
        1,
        null,
        null,
        1,
        null,
        null,
        1,
        null,
        null,
        1,
        1,
        1,
        null,
        null,
        null,
        null,
        null,
        null,
        null,
        null,
        null,
        1,
        null,
        null,
        null,
        null,
        null,
        1,
        null,
        null,
        1,
        null,
        null,
        null,
        null,
        null,
        null,
        null,
        1,
        null,
        null,
        1,
        null,
        null,
        null,
        null,
        null,
        null,
        null,
        null,
        null,
        null,
        null,
        null,
        null,
        null,
        null,
        null,
        null,
        null,
        null,
        null,
        null,
        null,
        null,
        null,
        null,
        null,
        null,
        null,
        null,
        null,
        null,
        null,
        null,
        null,
        null,
        null,
        null,
        null,
        null,
        null,
        null,
        null,
        null,
        null,
        1,
        null,
        null,
        null,
        null,
        null,
        null,
        null,
        null,
        null,
        null,
        null,
        null,
        null,
        null,
        null,
        null,
        null,
        null,
        null,
        null,
        null,
        null,
        null,
        null,
        null,
        null,
        null,
        null,
        null,
        null,
        null,
        null,
        null,
        null,
        null,
        null,
        1,
        null,
        null,
        null,
        null,
        null,
        null,
        null,
        null
      ],
      "/home/ilnar/ruby_project/test_flatstack/config/initializers/wrap_parameters.rb": [
        null,
        null,
        null,
        null,
        null,
        null,
        1,
        1,
        null,
        null,
        null,
        null,
        null,
        null
      ],
      "/home/ilnar/ruby_project/test_flatstack/spec/factories/users.rb": [
        1,
        1,
        3,
        1,
        1,
        null,
        null
      ],
      "/home/ilnar/ruby_project/test_flatstack/config/routes.rb": [
        1,
        1,
        1,
        1,
        null
      ],
      "/home/ilnar/ruby_project/test_flatstack/app/helpers/application_helper.rb": [
        1,
        1,
        null,
        null,
        null,
        null,
        1,
        null,
        null
      ],
      "/home/ilnar/ruby_project/test_flatstack/app/helpers/sessions_helper.rb": [
        1,
        1,
        1,
        1,
        1,
        1,
        null,
        null,
        1,
        0,
        null,
        null,
        1,
        0,
        null,
        0,
        0,
        null,
        null,
        1,
        1,
        null,
        null,
        1,
        0,
        0,
        null,
        null,
        1,
        0,
        null,
        null,
        1,
        0,
        0,
        null,
        null,
        1,
        0,
        null,
        null,
        1,
        0,
        null,
        null
      ],
      "/home/ilnar/ruby_project/test_flatstack/app/helpers/users_helper.rb": [
        1,
        null
      ],
      "/home/ilnar/ruby_project/test_flatstack/app/controllers/users_controller.rb": [
        1,
        null,
        1,
        1,
        1,
        null,
        null,
        1,
        0,
        null,
        null,
        1,
        1,
        null,
        null,
        1,
        2,
        null,
        2,
        1,
        1,
        1,
        null,
        1,
        1,
        null,
        null,
        null,
        1,
        0,
        null,
        null,
        1,
        0,
        0,
        0,
        0,
        null,
        0,
        0,
        null,
        null,
        null,
        1,
        0,
        0,
        0,
        null,
        null,
        1,
        null,
        1,
        2,
        null,
        null,
        null,
        1,
        0,
        null,
        null,
        null,
        1,
        0,
        null,
        null,
        1,
        0,
        0,
        null,
        null
      ],
      "/home/ilnar/ruby_project/test_flatstack/app/controllers/application_controller.rb": [
        1,
        1,
        1,
        null
      ],
      "/home/ilnar/ruby_project/test_flatstack/spec/features/users/create_spec.rb": [
        1,
        null,
        1,
        2,
        1,
        1,
        null,
        1,
        1,
        1,
        null,
        1,
        null,
        1,
        null,
        null
      ],
      "/home/ilnar/ruby_project/test_flatstack/spec/models/user_spec.rb": [
        1,
        null,
        1,
        null,
        1,
        16,
        null,
        null,
        null,
        14,
        null,
        2,
        2,
        2,
        2,
        2,
        null,
        1,
        2,
        2,
        null,
        null,
        1,
        2,
        2,
        null,
        null,
        1,
        1,
        1,
        null,
        1,
        5,
        5,
        null,
        null,
        null,
        null,
        1,
        1,
        1,
        1,
        4,
        4,
        null,
        null,
        null,
        null,
        1,
        1,
        1,
        1,
        null,
        2,
        null,
        null,
        1,
        1,
        1,
        1,
        1,
        null,
        null,
        2,
        null,
        null,
        1,
        1,
        1,
        null,
        null,
        2,
        null,
        null,
        1,
        2,
        2,
        null,
        null,
        1,
        2,
        2,
        null,
        null,
        1,
        3,
        3,
        null,
        1,
        3,
        null,
        2,
        2,
        null,
        null,
        null,
        null,
        null
      ],
      "/home/ilnar/ruby_project/test_flatstack/app/models/user.rb": [
        1,
        1,
        null,
        8,
        1,
        null,
        1,
        1,
        1,
        1,
        1,
        null,
        1,
        7,
        null,
        null,
        1,
        7,
        null,
        null,
        1,
        null,
        1,
        6,
        null,
        null,
        1,
        6,
        6,
        null,
        null,
        null
      ]
    },
    "timestamp": 1486538353
  }
}
